2020-06-23 13:46:16,647 first_case.py--> setUp 20: INFO ----->this is chrome
2020-06-23 13:46:16,649 register_handle.py--> send_user_email 20: INFO ----->输入的邮箱值是：11121@qq.com
2020-06-23 13:46:16,649 find_element.py--> get_element 20: INFO ----->定位方式:id--->定位值:register_email
2020-06-23 13:46:16,828 register_handle.py--> send_user_name 20: INFO ----->输入的用户名是：ss22212
2020-06-23 13:46:16,829 find_element.py--> get_element 20: INFO ----->定位方式:id--->定位值:register_nickname
2020-06-23 13:46:17,131 register_handle.py--> send_user_password 20: INFO ----->输入的密码是：111111
2020-06-23 13:46:17,132 find_element.py--> get_element 20: INFO ----->定位方式:id--->定位值:register_password
2020-06-23 13:46:22,845 first_case.py--> setUp 20: INFO ----->this is chrome
2020-06-23 13:46:22,847 register_handle.py--> send_user_email 20: INFO ----->输入的邮箱值是：1314@qq.com
2020-06-23 13:46:22,848 find_element.py--> get_element 20: INFO ----->定位方式:id--->定位值:register_email
2020-06-23 13:46:22,962 register_handle.py--> send_user_name 20: INFO ----->输入的用户名是：user1111@qq.com
2020-06-23 13:46:22,963 find_element.py--> get_element 20: INFO ----->定位方式:id--->定位值:register_nickname
2020-06-23 13:46:23,416 register_handle.py--> send_user_password 20: INFO ----->输入的密码是：111111
2020-06-23 13:46:23,417 find_element.py--> get_element 20: INFO ----->定位方式:id--->定位值:register_password
2020-06-23 13:46:29,294 first_case.py--> setUp 20: INFO ----->this is chrome
2020-06-23 13:46:29,296 register_handle.py--> send_user_email 20: INFO ----->输入的邮箱值是：11311@qq.com
2020-06-23 13:46:29,297 find_element.py--> get_element 20: INFO ----->定位方式:id--->定位值:register_email
2020-06-23 13:46:29,405 register_handle.py--> send_user_name 20: INFO ----->输入的用户名是：ss23222
2020-06-23 13:46:29,405 find_element.py--> get_element 20: INFO ----->定位方式:id--->定位值:register_nickname
2020-06-23 13:46:29,672 register_handle.py--> send_user_password 20: INFO ----->输入的密码是：111111
2020-06-23 13:46:29,674 find_element.py--> get_element 20: INFO ----->定位方式:id--->定位值:register_password
2020-06-23 13:46:35,552 first_case.py--> setUp 20: INFO ----->this is chrome
2020-06-23 13:46:35,554 register_handle.py--> send_user_email 20: INFO ----->输入的邮箱值是：12221@qq.com
2020-06-23 13:46:35,555 find_element.py--> get_element 20: INFO ----->定位方式:id--->定位值:register_email
2020-06-23 13:46:35,675 register_handle.py--> send_user_name 20: INFO ----->输入的用户名是：2321
2020-06-23 13:46:35,675 find_element.py--> get_element 20: INFO ----->定位方式:id--->定位值:register_nickname
2020-06-23 13:46:35,930 register_handle.py--> send_user_password 20: INFO ----->输入的密码是：111111
2020-06-23 13:46:35,931 find_element.py--> get_element 20: INFO ----->定位方式:id--->定位值:register_password
2020-06-23 13:46:41,635 first_case.py--> setUp 20: INFO ----->this is chrome
2020-06-23 13:46:41,637 register_handle.py--> send_user_email 20: INFO ----->输入的邮箱值是：12123@qq.com
2020-06-23 13:46:41,638 find_element.py--> get_element 20: INFO ----->定位方式:id--->定位值:register_email
2020-06-23 13:46:41,739 register_handle.py--> send_user_name 20: INFO ----->输入的用户名是：t1
2020-06-23 13:46:41,740 find_element.py--> get_element 20: INFO ----->定位方式:id--->定位值:register_nickname
2020-06-23 13:46:42,012 register_handle.py--> send_user_password 20: INFO ----->输入的密码是：111111
2020-06-23 13:46:42,013 find_element.py--> get_element 20: INFO ----->定位方式:id--->定位值:register_password
2020-06-23 13:48:39,564 first_case.py--> setUp 20: INFO ----->this is chrome
2020-06-23 13:48:39,565 register_handle.py--> send_user_email 20: INFO ----->输入的邮箱值是：11121@qq.com
2020-06-23 13:48:39,566 find_element.py--> get_element 20: INFO ----->定位方式:id--->定位值:register_email
2020-06-23 13:48:39,788 register_handle.py--> send_user_name 20: INFO ----->输入的用户名是：ss22212
2020-06-23 13:48:39,789 find_element.py--> get_element 20: INFO ----->定位方式:id--->定位值:register_nickname
2020-06-23 13:48:40,128 register_handle.py--> send_user_password 20: INFO ----->输入的密码是：111111
2020-06-23 13:48:40,129 find_element.py--> get_element 20: INFO ----->定位方式:id--->定位值:register_password
2020-06-23 13:48:45,865 first_case.py--> setUp 20: INFO ----->this is chrome
2020-06-23 13:48:45,870 register_handle.py--> send_user_email 20: INFO ----->输入的邮箱值是：1314@qq.com
2020-06-23 13:48:45,872 find_element.py--> get_element 20: INFO ----->定位方式:id--->定位值:register_email
2020-06-23 13:48:46,033 register_handle.py--> send_user_name 20: INFO ----->输入的用户名是：user1111@qq.com
2020-06-23 13:48:46,034 find_element.py--> get_element 20: INFO ----->定位方式:id--->定位值:register_nickname
2020-06-23 13:48:46,383 register_handle.py--> send_user_password 20: INFO ----->输入的密码是：111111
2020-06-23 13:48:46,383 find_element.py--> get_element 20: INFO ----->定位方式:id--->定位值:register_password
2020-06-23 13:48:51,970 first_case.py--> setUp 20: INFO ----->this is chrome
2020-06-23 13:48:51,972 register_handle.py--> send_user_email 20: INFO ----->输入的邮箱值是：11311@qq.com
2020-06-23 13:48:51,973 find_element.py--> get_element 20: INFO ----->定位方式:id--->定位值:register_email
2020-06-23 13:48:52,086 register_handle.py--> send_user_name 20: INFO ----->输入的用户名是：ss23222
2020-06-23 13:48:52,087 find_element.py--> get_element 20: INFO ----->定位方式:id--->定位值:register_nickname
2020-06-23 13:48:52,377 register_handle.py--> send_user_password 20: INFO ----->输入的密码是：111111
2020-06-23 13:48:52,377 find_element.py--> get_element 20: INFO ----->定位方式:id--->定位值:register_password
2020-06-23 13:48:58,089 first_case.py--> setUp 20: INFO ----->this is chrome
2020-06-23 13:48:58,091 register_handle.py--> send_user_email 20: INFO ----->输入的邮箱值是：12221@qq.com
2020-06-23 13:48:58,092 find_element.py--> get_element 20: INFO ----->定位方式:id--->定位值:register_email
2020-06-23 13:48:58,229 register_handle.py--> send_user_name 20: INFO ----->输入的用户名是：2321
2020-06-23 13:48:58,230 find_element.py--> get_element 20: INFO ----->定位方式:id--->定位值:register_nickname
2020-06-23 13:48:58,517 register_handle.py--> send_user_password 20: INFO ----->输入的密码是：111111
2020-06-23 13:48:58,517 find_element.py--> get_element 20: INFO ----->定位方式:id--->定位值:register_password
2020-06-23 13:49:04,259 first_case.py--> setUp 20: INFO ----->this is chrome
2020-06-23 13:49:04,261 register_handle.py--> send_user_email 20: INFO ----->输入的邮箱值是：12123@qq.com
2020-06-23 13:49:04,262 find_element.py--> get_element 20: INFO ----->定位方式:id--->定位值:register_email
2020-06-23 13:49:04,419 register_handle.py--> send_user_name 20: INFO ----->输入的用户名是：t1
2020-06-23 13:49:04,420 find_element.py--> get_element 20: INFO ----->定位方式:id--->定位值:register_nickname
2020-06-23 13:49:04,673 register_handle.py--> send_user_password 20: INFO ----->输入的密码是：111111
2020-06-23 13:49:04,674 find_element.py--> get_element 20: INFO ----->定位方式:id--->定位值:register_password
2020-06-23 14:28:20,086 first_case.py--> setUp 20: INFO ----->this is chrome
2020-06-23 14:28:20,088 register_handle.py--> send_user_email 20: INFO ----->输入的邮箱值是：11121@qq.com
2020-06-23 14:28:20,089 find_element.py--> get_element 20: INFO ----->定位方式:id--->定位值:register_email
2020-06-23 14:28:20,280 register_handle.py--> send_user_name 20: INFO ----->输入的用户名是：ss22212
2020-06-23 14:28:20,281 find_element.py--> get_element 20: INFO ----->定位方式:id--->定位值:register_nickname
2020-06-23 14:28:20,626 register_handle.py--> send_user_password 20: INFO ----->输入的密码是：111111
2020-06-23 14:28:20,627 find_element.py--> get_element 20: INFO ----->定位方式:id--->定位值:register_password
2020-06-23 14:28:23,789 find_element.py--> get_element 20: INFO ----->定位方式:id--->定位值:captcha_code
2020-06-23 14:28:23,873 find_element.py--> get_element 20: INFO ----->定位方式:id--->定位值:register-btn
2020-06-23 14:28:23,954 find_element.py--> get_element 20: INFO ----->定位方式:id--->定位值:register_nickname-error
2020-06-23 14:28:26,879 first_case.py--> setUp 20: INFO ----->this is chrome
2020-06-23 14:28:26,880 register_handle.py--> send_user_email 20: INFO ----->输入的邮箱值是：1314@qq.com
2020-06-23 14:28:26,881 find_element.py--> get_element 20: INFO ----->定位方式:id--->定位值:register_email
2020-06-23 14:28:27,025 register_handle.py--> send_user_name 20: INFO ----->输入的用户名是：user1111@qq.com
2020-06-23 14:28:27,026 find_element.py--> get_element 20: INFO ----->定位方式:id--->定位值:register_nickname
2020-06-23 14:28:27,388 register_handle.py--> send_user_password 20: INFO ----->输入的密码是：111111
2020-06-23 14:28:27,390 find_element.py--> get_element 20: INFO ----->定位方式:id--->定位值:register_password
2020-06-23 14:28:30,474 find_element.py--> get_element 20: INFO ----->定位方式:id--->定位值:captcha_code
2020-06-23 14:28:30,548 find_element.py--> get_element 20: INFO ----->定位方式:id--->定位值:register-btn
2020-06-23 14:28:30,631 find_element.py--> get_element 20: INFO ----->定位方式:id--->定位值:captcha_code
2020-06-23 14:28:33,240 first_case.py--> setUp 20: INFO ----->this is chrome
2020-06-23 14:28:33,244 register_handle.py--> send_user_email 20: INFO ----->输入的邮箱值是：11311@qq.com
2020-06-23 14:28:33,245 find_element.py--> get_element 20: INFO ----->定位方式:id--->定位值:register_email
2020-06-23 14:28:33,396 register_handle.py--> send_user_name 20: INFO ----->输入的用户名是：ss23222
2020-06-23 14:28:33,397 find_element.py--> get_element 20: INFO ----->定位方式:id--->定位值:register_nickname
2020-06-23 14:28:33,699 register_handle.py--> send_user_password 20: INFO ----->输入的密码是：111111
2020-06-23 14:28:33,700 find_element.py--> get_element 20: INFO ----->定位方式:id--->定位值:register_password
2020-06-23 14:28:39,531 first_case.py--> setUp 20: INFO ----->this is chrome
2020-06-23 14:28:39,532 register_handle.py--> send_user_email 20: INFO ----->输入的邮箱值是：12221@qq.com
2020-06-23 14:28:39,533 find_element.py--> get_element 20: INFO ----->定位方式:id--->定位值:register_email
2020-06-23 14:28:39,687 register_handle.py--> send_user_name 20: INFO ----->输入的用户名是：2321
2020-06-23 14:28:39,688 find_element.py--> get_element 20: INFO ----->定位方式:id--->定位值:register_nickname
2020-06-23 14:28:39,977 register_handle.py--> send_user_password 20: INFO ----->输入的密码是：111111
2020-06-23 14:28:39,977 find_element.py--> get_element 20: INFO ----->定位方式:id--->定位值:register_password
2020-06-23 14:28:45,791 first_case.py--> setUp 20: INFO ----->this is chrome
2020-06-23 14:28:45,796 register_handle.py--> send_user_email 20: INFO ----->输入的邮箱值是：12123@qq.com
2020-06-23 14:28:45,797 find_element.py--> get_element 20: INFO ----->定位方式:id--->定位值:register_email
2020-06-23 14:28:45,955 register_handle.py--> send_user_name 20: INFO ----->输入的用户名是：t1
2020-06-23 14:28:45,956 find_element.py--> get_element 20: INFO ----->定位方式:id--->定位值:register_nickname
2020-06-23 14:28:46,226 register_handle.py--> send_user_password 20: INFO ----->输入的密码是：111111
2020-06-23 14:28:46,227 find_element.py--> get_element 20: INFO ----->定位方式:id--->定位值:register_password
2020-06-23 14:34:41,843 first_case.py--> setUp 20: INFO ----->this is chrome
2020-06-23 14:34:41,844 register_handle.py--> send_user_email 20: INFO ----->输入的邮箱值是：11121@qq.com
2020-06-23 14:34:41,845 find_element.py--> get_element 20: INFO ----->定位方式:id--->定位值:register_email
2020-06-23 14:34:42,046 register_handle.py--> send_user_name 20: INFO ----->输入的用户名是：ss22212
2020-06-23 14:34:42,047 find_element.py--> get_element 20: INFO ----->定位方式:id--->定位值:register_nickname
2020-06-23 14:34:42,403 register_handle.py--> send_user_password 20: INFO ----->输入的密码是：111111
2020-06-23 14:34:42,403 find_element.py--> get_element 20: INFO ----->定位方式:id--->定位值:register_password
2020-06-23 14:34:45,607 find_element.py--> get_element 20: INFO ----->定位方式:id--->定位值:captcha_code
2020-06-23 14:34:45,687 find_element.py--> get_element 20: INFO ----->定位方式:id--->定位值:register-btn
2020-06-23 14:34:45,761 find_element.py--> get_element 20: INFO ----->定位方式:id--->定位值:register_nickname-error
2020-06-23 14:34:48,646 first_case.py--> setUp 20: INFO ----->this is chrome
2020-06-23 14:34:48,649 register_handle.py--> send_user_email 20: INFO ----->输入的邮箱值是：1314@qq.com
2020-06-23 14:34:48,650 find_element.py--> get_element 20: INFO ----->定位方式:id--->定位值:register_email
2020-06-23 14:34:48,800 register_handle.py--> send_user_name 20: INFO ----->输入的用户名是：user1111@qq.com
2020-06-23 14:34:48,801 find_element.py--> get_element 20: INFO ----->定位方式:id--->定位值:register_nickname
2020-06-23 14:34:49,329 register_handle.py--> send_user_password 20: INFO ----->输入的密码是：111111
2020-06-23 14:34:49,329 find_element.py--> get_element 20: INFO ----->定位方式:id--->定位值:register_password
2020-06-23 14:34:52,150 find_element.py--> get_element 20: INFO ----->定位方式:id--->定位值:captcha_code
2020-06-23 14:34:52,228 find_element.py--> get_element 20: INFO ----->定位方式:id--->定位值:register-btn
2020-06-23 14:34:52,311 find_element.py--> get_element 20: INFO ----->定位方式:id--->定位值:captcha_code
2020-06-23 14:34:54,837 first_case.py--> setUp 20: INFO ----->this is chrome
2020-06-23 14:34:54,838 register_handle.py--> send_user_email 20: INFO ----->输入的邮箱值是：11311@qq.com
2020-06-23 14:34:54,839 find_element.py--> get_element 20: INFO ----->定位方式:id--->定位值:register_email
2020-06-23 14:34:54,980 register_handle.py--> send_user_name 20: INFO ----->输入的用户名是：ss23222
2020-06-23 14:34:54,981 find_element.py--> get_element 20: INFO ----->定位方式:id--->定位值:register_nickname
2020-06-23 14:34:55,274 register_handle.py--> send_user_password 20: INFO ----->输入的密码是：111111
2020-06-23 14:34:55,274 find_element.py--> get_element 20: INFO ----->定位方式:id--->定位值:register_password
2020-06-23 14:34:58,338 find_element.py--> get_element 20: INFO ----->定位方式:id--->定位值:captcha_code
2020-06-23 14:34:58,415 find_element.py--> get_element 20: INFO ----->定位方式:id--->定位值:register-btn
2020-06-23 14:34:58,490 find_element.py--> get_element 20: INFO ----->定位方式:id--->定位值:register_nickname-error
2020-06-23 14:35:01,384 first_case.py--> setUp 20: INFO ----->this is chrome
2020-06-23 14:35:01,386 register_handle.py--> send_user_email 20: INFO ----->输入的邮箱值是：12221@qq.com
2020-06-23 14:35:01,387 find_element.py--> get_element 20: INFO ----->定位方式:id--->定位值:register_email
2020-06-23 14:35:01,537 register_handle.py--> send_user_name 20: INFO ----->输入的用户名是：2321
2020-06-23 14:35:01,538 find_element.py--> get_element 20: INFO ----->定位方式:id--->定位值:register_nickname
2020-06-23 14:35:01,834 register_handle.py--> send_user_password 20: INFO ----->输入的密码是：111111
2020-06-23 14:35:01,835 find_element.py--> get_element 20: INFO ----->定位方式:id--->定位值:register_password
2020-06-23 14:35:04,885 find_element.py--> get_element 20: INFO ----->定位方式:id--->定位值:captcha_code
2020-06-23 14:35:04,971 find_element.py--> get_element 20: INFO ----->定位方式:id--->定位值:register-btn
2020-06-23 14:35:07,600 first_case.py--> setUp 20: INFO ----->this is chrome
2020-06-23 14:35:07,603 register_handle.py--> send_user_email 20: INFO ----->输入的邮箱值是：12123@qq.com
2020-06-23 14:35:07,604 find_element.py--> get_element 20: INFO ----->定位方式:id--->定位值:register_email
2020-06-23 14:35:07,725 register_handle.py--> send_user_name 20: INFO ----->输入的用户名是：t1
2020-06-23 14:35:07,726 find_element.py--> get_element 20: INFO ----->定位方式:id--->定位值:register_nickname
2020-06-23 14:35:08,008 register_handle.py--> send_user_password 20: INFO ----->输入的密码是：111111
2020-06-23 14:35:08,009 find_element.py--> get_element 20: INFO ----->定位方式:id--->定位值:register_password
2020-06-23 14:35:11,111 find_element.py--> get_element 20: INFO ----->定位方式:id--->定位值:captcha_code
2020-06-23 14:35:11,170 find_element.py--> get_element 20: INFO ----->定位方式:id--->定位值:register-btn
2020-06-23 14:35:11,251 find_element.py--> get_element 20: INFO ----->定位方式:id--->定位值:register_nickname-error
2020-06-23 14:35:50,601 first_case.py--> setUp 20: INFO ----->this is chrome
2020-06-23 14:35:50,604 register_handle.py--> send_user_email 20: INFO ----->输入的邮箱值是：11121@qq.com
2020-06-23 14:35:50,605 find_element.py--> get_element 20: INFO ----->定位方式:id--->定位值:register_email
2020-06-23 14:35:50,742 register_handle.py--> send_user_name 20: INFO ----->输入的用户名是：ss22212
2020-06-23 14:35:50,742 find_element.py--> get_element 20: INFO ----->定位方式:id--->定位值:register_nickname
2020-06-23 14:35:51,034 register_handle.py--> send_user_password 20: INFO ----->输入的密码是：111111
2020-06-23 14:35:51,035 find_element.py--> get_element 20: INFO ----->定位方式:id--->定位值:register_password
2020-06-23 14:35:54,265 find_element.py--> get_element 20: INFO ----->定位方式:id--->定位值:captcha_code
2020-06-23 14:35:54,354 find_element.py--> get_element 20: INFO ----->定位方式:id--->定位值:register-btn
2020-06-23 14:35:56,580 find_element.py--> get_element 20: INFO ----->定位方式:id--->定位值:register_nickname-error
2020-06-23 14:35:59,714 first_case.py--> setUp 20: INFO ----->this is chrome
2020-06-23 14:35:59,716 register_handle.py--> send_user_email 20: INFO ----->输入的邮箱值是：1314@qq.com
2020-06-23 14:35:59,719 find_element.py--> get_element 20: INFO ----->定位方式:id--->定位值:register_email
2020-06-23 14:36:02,438 first_case.py--> setUp 20: INFO ----->this is chrome
2020-06-23 14:36:02,440 register_handle.py--> send_user_email 20: INFO ----->输入的邮箱值是：11311@qq.com
2020-06-23 14:36:02,441 find_element.py--> get_element 20: INFO ----->定位方式:id--->定位值:register_email
2020-06-23 14:36:05,206 first_case.py--> setUp 20: INFO ----->this is chrome
2020-06-23 14:36:05,208 register_handle.py--> send_user_email 20: INFO ----->输入的邮箱值是：12221@qq.com
2020-06-23 14:36:05,209 find_element.py--> get_element 20: INFO ----->定位方式:id--->定位值:register_email
2020-06-23 14:36:07,974 first_case.py--> setUp 20: INFO ----->this is chrome
2020-06-23 14:36:07,976 register_handle.py--> send_user_email 20: INFO ----->输入的邮箱值是：12123@qq.com
2020-06-23 14:36:07,978 find_element.py--> get_element 20: INFO ----->定位方式:id--->定位值:register_email
2020-06-23 14:38:36,877 first_case.py--> setUp 20: INFO ----->this is chrome
2020-06-23 14:38:36,879 register_handle.py--> send_user_email 20: INFO ----->输入的邮箱值是：11121@qq.com
2020-06-23 14:38:36,880 find_element.py--> get_element 20: INFO ----->定位方式:id--->定位值:register_email
2020-06-23 14:38:37,073 register_handle.py--> send_user_name 20: INFO ----->输入的用户名是：ss22212
2020-06-23 14:38:37,074 find_element.py--> get_element 20: INFO ----->定位方式:id--->定位值:register_nickname
2020-06-23 14:38:37,399 register_handle.py--> send_user_password 20: INFO ----->输入的密码是：111111
2020-06-23 14:38:37,400 find_element.py--> get_element 20: INFO ----->定位方式:id--->定位值:register_password
2020-06-23 14:38:40,735 find_element.py--> get_element 20: INFO ----->定位方式:id--->定位值:captcha_code
2020-06-23 14:38:40,845 find_element.py--> get_element 20: INFO ----->定位方式:id--->定位值:register-btn
2020-06-23 14:38:40,935 find_element.py--> get_element 20: INFO ----->定位方式:id--->定位值:register_nickname-error
2020-06-23 14:38:43,449 first_case.py--> setUp 20: INFO ----->this is chrome
2020-06-23 14:38:43,452 register_handle.py--> send_user_email 20: INFO ----->输入的邮箱值是：1314@qq.com
2020-06-23 14:38:43,453 find_element.py--> get_element 20: INFO ----->定位方式:id--->定位值:register_email
2020-06-23 14:38:43,608 register_handle.py--> send_user_name 20: INFO ----->输入的用户名是：user1111@qq.com
2020-06-23 14:38:43,608 find_element.py--> get_element 20: INFO ----->定位方式:id--->定位值:register_nickname
2020-06-23 14:38:43,954 register_handle.py--> send_user_password 20: INFO ----->输入的密码是：111111
2020-06-23 14:38:43,955 find_element.py--> get_element 20: INFO ----->定位方式:id--->定位值:register_password
2020-06-23 14:38:46,932 find_element.py--> get_element 20: INFO ----->定位方式:id--->定位值:captcha_code
2020-06-23 14:38:47,042 find_element.py--> get_element 20: INFO ----->定位方式:id--->定位值:register-btn
2020-06-23 14:38:47,128 find_element.py--> get_element 20: INFO ----->定位方式:id--->定位值:captcha_code
2020-06-23 14:38:49,641 first_case.py--> setUp 20: INFO ----->this is chrome
2020-06-23 14:38:49,642 register_handle.py--> send_user_email 20: INFO ----->输入的邮箱值是：11311@qq.com
2020-06-23 14:38:49,643 find_element.py--> get_element 20: INFO ----->定位方式:id--->定位值:register_email
2020-06-23 14:38:49,778 register_handle.py--> send_user_name 20: INFO ----->输入的用户名是：ss23222
2020-06-23 14:38:49,779 find_element.py--> get_element 20: INFO ----->定位方式:id--->定位值:register_nickname
2020-06-23 14:38:50,069 register_handle.py--> send_user_password 20: INFO ----->输入的密码是：111111
2020-06-23 14:38:50,070 find_element.py--> get_element 20: INFO ----->定位方式:id--->定位值:register_password
2020-06-23 14:38:53,302 find_element.py--> get_element 20: INFO ----->定位方式:id--->定位值:captcha_code
2020-06-23 14:38:53,385 find_element.py--> get_element 20: INFO ----->定位方式:id--->定位值:register-btn
2020-06-23 14:38:53,459 find_element.py--> get_element 20: INFO ----->定位方式:id--->定位值:register_nickname-error
2020-06-23 14:38:56,343 first_case.py--> setUp 20: INFO ----->this is chrome
2020-06-23 14:38:56,344 register_handle.py--> send_user_email 20: INFO ----->输入的邮箱值是：12221@qq.com
2020-06-23 14:38:56,345 find_element.py--> get_element 20: INFO ----->定位方式:id--->定位值:register_email
2020-06-23 14:38:56,504 register_handle.py--> send_user_name 20: INFO ----->输入的用户名是：2321
2020-06-23 14:38:56,505 find_element.py--> get_element 20: INFO ----->定位方式:id--->定位值:register_nickname
2020-06-23 14:38:56,779 register_handle.py--> send_user_password 20: INFO ----->输入的密码是：111111
2020-06-23 14:38:56,779 find_element.py--> get_element 20: INFO ----->定位方式:id--->定位值:register_password
2020-06-23 14:38:59,946 find_element.py--> get_element 20: INFO ----->定位方式:id--->定位值:captcha_code
2020-06-23 14:39:00,078 find_element.py--> get_element 20: INFO ----->定位方式:id--->定位值:register-btn
2020-06-23 14:39:05,405 first_case.py--> setUp 20: INFO ----->this is chrome
2020-06-23 14:39:05,408 register_handle.py--> send_user_email 20: INFO ----->输入的邮箱值是：12123@qq.com
2020-06-23 14:39:05,410 find_element.py--> get_element 20: INFO ----->定位方式:id--->定位值:register_email
2020-06-23 14:54:53,849 first_case.py--> setUp 20: INFO ----->this is chrome
2020-06-23 14:54:53,852 register_handle.py--> send_user_email 20: INFO ----->输入的邮箱值是：11121@qq.com
2020-06-23 14:54:53,852 find_element.py--> get_element 20: INFO ----->定位方式:id--->定位值:register_email
2020-06-23 14:54:53,977 register_handle.py--> send_user_name 20: INFO ----->输入的用户名是：ss22212
2020-06-23 14:54:53,978 find_element.py--> get_element 20: INFO ----->定位方式:id--->定位值:register_nickname
2020-06-23 14:54:54,263 register_handle.py--> send_user_password 20: INFO ----->输入的密码是：111111
2020-06-23 14:54:54,264 find_element.py--> get_element 20: INFO ----->定位方式:id--->定位值:register_password
2020-06-23 14:54:57,518 find_element.py--> get_element 20: INFO ----->定位方式:id--->定位值:captcha_code
2020-06-23 14:54:57,603 find_element.py--> get_element 20: INFO ----->定位方式:id--->定位值:register-btn
2020-06-23 14:54:57,711 find_element.py--> get_element 20: INFO ----->定位方式:id--->定位值:register_nickname-error
2020-06-23 14:55:00,695 first_case.py--> setUp 20: INFO ----->this is chrome
2020-06-23 14:55:00,697 register_handle.py--> send_user_email 20: INFO ----->输入的邮箱值是：1314@qq.com
2020-06-23 14:55:00,698 find_element.py--> get_element 20: INFO ----->定位方式:id--->定位值:register_email
2020-06-23 14:55:00,865 register_handle.py--> send_user_name 20: INFO ----->输入的用户名是：user1111@qq.com
2020-06-23 14:55:00,866 find_element.py--> get_element 20: INFO ----->定位方式:id--->定位值:register_nickname
2020-06-23 14:55:01,226 register_handle.py--> send_user_password 20: INFO ----->输入的密码是：111111
2020-06-23 14:55:01,227 find_element.py--> get_element 20: INFO ----->定位方式:id--->定位值:register_password
2020-06-23 14:55:04,198 find_element.py--> get_element 20: INFO ----->定位方式:id--->定位值:captcha_code
2020-06-23 14:55:04,284 find_element.py--> get_element 20: INFO ----->定位方式:id--->定位值:register-btn
2020-06-23 14:55:04,394 find_element.py--> get_element 20: INFO ----->定位方式:id--->定位值:captcha_code
2020-06-23 14:55:07,477 first_case.py--> setUp 20: INFO ----->this is chrome
2020-06-23 14:55:07,478 register_handle.py--> send_user_email 20: INFO ----->输入的邮箱值是：11311@qq.com
2020-06-23 14:55:07,479 find_element.py--> get_element 20: INFO ----->定位方式:id--->定位值:register_email
2020-06-23 14:55:07,622 register_handle.py--> send_user_name 20: INFO ----->输入的用户名是：ss23222
2020-06-23 14:55:07,623 find_element.py--> get_element 20: INFO ----->定位方式:id--->定位值:register_nickname
2020-06-23 14:55:07,921 register_handle.py--> send_user_password 20: INFO ----->输入的密码是：111111
2020-06-23 14:55:07,922 find_element.py--> get_element 20: INFO ----->定位方式:id--->定位值:register_password
2020-06-23 14:55:11,096 find_element.py--> get_element 20: INFO ----->定位方式:id--->定位值:captcha_code
2020-06-23 14:55:11,172 find_element.py--> get_element 20: INFO ----->定位方式:id--->定位值:register-btn
2020-06-23 14:55:11,249 find_element.py--> get_element 20: INFO ----->定位方式:id--->定位值:register_nickname-error
2020-06-23 14:55:14,239 first_case.py--> setUp 20: INFO ----->this is chrome
2020-06-23 14:55:14,241 register_handle.py--> send_user_email 20: INFO ----->输入的邮箱值是：12221@qq.com
2020-06-23 14:55:14,242 find_element.py--> get_element 20: INFO ----->定位方式:id--->定位值:register_email
2020-06-23 14:55:14,377 register_handle.py--> send_user_name 20: INFO ----->输入的用户名是：2321
2020-06-23 14:55:14,379 find_element.py--> get_element 20: INFO ----->定位方式:id--->定位值:register_nickname
2020-06-23 14:55:14,662 register_handle.py--> send_user_password 20: INFO ----->输入的密码是：111111
2020-06-23 14:55:14,663 find_element.py--> get_element 20: INFO ----->定位方式:id--->定位值:register_password
2020-06-23 14:55:17,800 find_element.py--> get_element 20: INFO ----->定位方式:id--->定位值:captcha_code
2020-06-23 14:55:17,900 find_element.py--> get_element 20: INFO ----->定位方式:id--->定位值:register-btn
2020-06-23 14:55:20,574 first_case.py--> setUp 20: INFO ----->this is chrome
2020-06-23 14:55:20,576 register_handle.py--> send_user_email 20: INFO ----->输入的邮箱值是：12123@qq.com
2020-06-23 14:55:20,577 find_element.py--> get_element 20: INFO ----->定位方式:id--->定位值:register_email
2020-06-23 14:55:20,713 register_handle.py--> send_user_name 20: INFO ----->输入的用户名是：t1
2020-06-23 14:55:20,714 find_element.py--> get_element 20: INFO ----->定位方式:id--->定位值:register_nickname
2020-06-23 14:55:20,978 register_handle.py--> send_user_password 20: INFO ----->输入的密码是：111111
2020-06-23 14:55:20,979 find_element.py--> get_element 20: INFO ----->定位方式:id--->定位值:register_password
2020-06-23 14:55:23,889 find_element.py--> get_element 20: INFO ----->定位方式:id--->定位值:captcha_code
2020-06-23 14:55:24,006 find_element.py--> get_element 20: INFO ----->定位方式:id--->定位值:register-btn
2020-06-23 14:55:24,284 find_element.py--> get_element 20: INFO ----->定位方式:id--->定位值:register_nickname-error
2020-06-23 14:56:44,381 first_case.py--> setUp 20: INFO ----->this is chrome
2020-06-23 14:56:44,383 register_handle.py--> send_user_email 20: INFO ----->输入的邮箱值是：11121@qq.com
2020-06-23 14:56:44,383 find_element.py--> get_element 20: INFO ----->定位方式:id--->定位值:register_email
2020-06-23 14:56:44,500 register_handle.py--> send_user_name 20: INFO ----->输入的用户名是：ss22212
2020-06-23 14:56:44,501 find_element.py--> get_element 20: INFO ----->定位方式:id--->定位值:register_nickname
2020-06-23 14:56:44,796 register_handle.py--> send_user_password 20: INFO ----->输入的密码是：111111
2020-06-23 14:56:44,797 find_element.py--> get_element 20: INFO ----->定位方式:id--->定位值:register_password
2020-06-23 14:56:47,920 find_element.py--> get_element 20: INFO ----->定位方式:id--->定位值:captcha_code
2020-06-23 14:56:47,987 find_element.py--> get_element 20: INFO ----->定位方式:id--->定位值:register-btn
2020-06-23 14:56:48,080 find_element.py--> get_element 20: INFO ----->定位方式:id--->定位值:register_nickname-error
2020-06-23 14:56:50,602 first_case.py--> setUp 20: INFO ----->this is chrome
2020-06-23 14:56:50,604 register_handle.py--> send_user_email 20: INFO ----->输入的邮箱值是：1314@qq.com
2020-06-23 14:56:50,605 find_element.py--> get_element 20: INFO ----->定位方式:id--->定位值:register_email
2020-06-23 14:56:50,711 register_handle.py--> send_user_name 20: INFO ----->输入的用户名是：user1111@qq.com
2020-06-23 14:56:50,712 find_element.py--> get_element 20: INFO ----->定位方式:id--->定位值:register_nickname
2020-06-23 14:56:51,081 register_handle.py--> send_user_password 20: INFO ----->输入的密码是：111111
2020-06-23 14:56:51,082 find_element.py--> get_element 20: INFO ----->定位方式:id--->定位值:register_password
2020-06-23 14:56:54,017 find_element.py--> get_element 20: INFO ----->定位方式:id--->定位值:captcha_code
2020-06-23 14:56:54,100 find_element.py--> get_element 20: INFO ----->定位方式:id--->定位值:register-btn
2020-06-23 14:56:54,185 find_element.py--> get_element 20: INFO ----->定位方式:id--->定位值:captcha_code
2020-06-23 14:56:56,773 first_case.py--> setUp 20: INFO ----->this is chrome
2020-06-23 14:56:56,774 register_handle.py--> send_user_email 20: INFO ----->输入的邮箱值是：11311@qq.com
2020-06-23 14:56:56,775 find_element.py--> get_element 20: INFO ----->定位方式:id--->定位值:register_email
2020-06-23 14:56:56,879 register_handle.py--> send_user_name 20: INFO ----->输入的用户名是：ss23222
2020-06-23 14:56:56,879 find_element.py--> get_element 20: INFO ----->定位方式:id--->定位值:register_nickname
2020-06-23 14:56:57,144 register_handle.py--> send_user_password 20: INFO ----->输入的密码是：111111
2020-06-23 14:56:57,145 find_element.py--> get_element 20: INFO ----->定位方式:id--->定位值:register_password
2020-06-23 14:57:00,293 find_element.py--> get_element 20: INFO ----->定位方式:id--->定位值:captcha_code
2020-06-23 14:57:00,352 find_element.py--> get_element 20: INFO ----->定位方式:id--->定位值:register-btn
2020-06-23 14:57:00,430 find_element.py--> get_element 20: INFO ----->定位方式:id--->定位值:register_nickname-error
2020-06-23 14:57:03,342 first_case.py--> setUp 20: INFO ----->this is chrome
2020-06-23 14:57:03,344 register_handle.py--> send_user_email 20: INFO ----->输入的邮箱值是：12221@qq.com
2020-06-23 14:57:03,345 find_element.py--> get_element 20: INFO ----->定位方式:id--->定位值:register_email
2020-06-23 14:57:03,455 register_handle.py--> send_user_name 20: INFO ----->输入的用户名是：2321
2020-06-23 14:57:03,456 find_element.py--> get_element 20: INFO ----->定位方式:id--->定位值:register_nickname
2020-06-23 14:57:03,715 register_handle.py--> send_user_password 20: INFO ----->输入的密码是：111111
2020-06-23 14:57:03,715 find_element.py--> get_element 20: INFO ----->定位方式:id--->定位值:register_password
2020-06-23 14:57:06,833 find_element.py--> get_element 20: INFO ----->定位方式:id--->定位值:captcha_code
2020-06-23 14:57:07,066 find_element.py--> get_element 20: INFO ----->定位方式:id--->定位值:register-btn
2020-06-23 14:57:10,144 first_case.py--> setUp 20: INFO ----->this is chrome
2020-06-23 14:57:10,146 register_handle.py--> send_user_email 20: INFO ----->输入的邮箱值是：12123@qq.com
2020-06-23 14:57:10,147 find_element.py--> get_element 20: INFO ----->定位方式:id--->定位值:register_email
2020-06-23 14:57:10,274 register_handle.py--> send_user_name 20: INFO ----->输入的用户名是：t1
2020-06-23 14:57:10,274 find_element.py--> get_element 20: INFO ----->定位方式:id--->定位值:register_nickname
2020-06-23 14:57:10,548 register_handle.py--> send_user_password 20: INFO ----->输入的密码是：111111
2020-06-23 14:57:10,549 find_element.py--> get_element 20: INFO ----->定位方式:id--->定位值:register_password
2020-06-23 14:57:13,542 find_element.py--> get_element 20: INFO ----->定位方式:id--->定位值:captcha_code
2020-06-23 14:57:13,638 find_element.py--> get_element 20: INFO ----->定位方式:id--->定位值:register-btn
2020-06-23 14:57:13,713 find_element.py--> get_element 20: INFO ----->定位方式:id--->定位值:register_nickname-error
2020-06-23 15:04:01,725 first_case.py--> setUp 20: INFO ----->this is chrome
2020-06-23 15:04:01,727 register_handle.py--> send_user_email 20: INFO ----->输入的邮箱值是：11121@qq.com
2020-06-23 15:04:01,728 find_element.py--> get_element 20: INFO ----->定位方式:id--->定位值:register_email
2020-06-23 15:04:01,849 register_handle.py--> send_user_name 20: INFO ----->输入的用户名是：ss22212
2020-06-23 15:04:01,850 find_element.py--> get_element 20: INFO ----->定位方式:id--->定位值:register_nickname
2020-06-23 15:04:02,137 register_handle.py--> send_user_password 20: INFO ----->输入的密码是：111111
2020-06-23 15:04:02,138 find_element.py--> get_element 20: INFO ----->定位方式:id--->定位值:register_password
2020-06-23 15:04:05,288 find_element.py--> get_element 20: INFO ----->定位方式:id--->定位值:captcha_code
2020-06-23 15:04:05,378 find_element.py--> get_element 20: INFO ----->定位方式:id--->定位值:register-btn
2020-06-23 15:04:05,647 find_element.py--> get_element 20: INFO ----->定位方式:id--->定位值:register_nickname-error
2020-06-23 15:04:08,371 first_case.py--> setUp 20: INFO ----->this is chrome
2020-06-23 15:04:08,373 register_handle.py--> send_user_email 20: INFO ----->输入的邮箱值是：1314@qq.com
2020-06-23 15:04:08,374 find_element.py--> get_element 20: INFO ----->定位方式:id--->定位值:register_email
2020-06-23 15:04:08,482 register_handle.py--> send_user_name 20: INFO ----->输入的用户名是：user1111@qq.com
2020-06-23 15:04:08,483 find_element.py--> get_element 20: INFO ----->定位方式:id--->定位值:register_nickname
2020-06-23 15:04:08,794 register_handle.py--> send_user_password 20: INFO ----->输入的密码是：111111
2020-06-23 15:04:08,795 find_element.py--> get_element 20: INFO ----->定位方式:id--->定位值:register_password
2020-06-23 15:04:11,692 find_element.py--> get_element 20: INFO ----->定位方式:id--->定位值:captcha_code
2020-06-23 15:04:11,775 find_element.py--> get_element 20: INFO ----->定位方式:id--->定位值:register-btn
2020-06-23 15:04:12,037 find_element.py--> get_element 20: INFO ----->定位方式:id--->定位值:captcha_code
2020-06-23 15:04:14,609 first_case.py--> setUp 20: INFO ----->this is chrome
2020-06-23 15:04:14,611 register_handle.py--> send_user_email 20: INFO ----->输入的邮箱值是：11311@qq.com
2020-06-23 15:04:14,612 find_element.py--> get_element 20: INFO ----->定位方式:id--->定位值:register_email
2020-06-23 15:04:14,724 register_handle.py--> send_user_name 20: INFO ----->输入的用户名是：ss23222
2020-06-23 15:04:14,725 find_element.py--> get_element 20: INFO ----->定位方式:id--->定位值:register_nickname
2020-06-23 15:04:15,010 register_handle.py--> send_user_password 20: INFO ----->输入的密码是：111111
2020-06-23 15:04:15,011 find_element.py--> get_element 20: INFO ----->定位方式:id--->定位值:register_password
2020-06-23 15:04:18,074 find_element.py--> get_element 20: INFO ----->定位方式:id--->定位值:captcha_code
2020-06-23 15:04:18,133 find_element.py--> get_element 20: INFO ----->定位方式:id--->定位值:register-btn
2020-06-23 15:04:18,211 find_element.py--> get_element 20: INFO ----->定位方式:id--->定位值:register_nickname-error
2020-06-23 15:04:21,140 first_case.py--> setUp 20: INFO ----->this is chrome
2020-06-23 15:04:21,142 register_handle.py--> send_user_email 20: INFO ----->输入的邮箱值是：12221@qq.com
2020-06-23 15:04:21,143 find_element.py--> get_element 20: INFO ----->定位方式:id--->定位值:register_email
2020-06-23 15:04:21,253 register_handle.py--> send_user_name 20: INFO ----->输入的用户名是：2321
2020-06-23 15:04:21,255 find_element.py--> get_element 20: INFO ----->定位方式:id--->定位值:register_nickname
2020-06-23 15:04:21,522 register_handle.py--> send_user_password 20: INFO ----->输入的密码是：111111
2020-06-23 15:04:21,523 find_element.py--> get_element 20: INFO ----->定位方式:id--->定位值:register_password
2020-06-23 15:04:24,605 find_element.py--> get_element 20: INFO ----->定位方式:id--->定位值:captcha_code
2020-06-23 15:04:24,666 find_element.py--> get_element 20: INFO ----->定位方式:id--->定位值:register-btn
2020-06-23 15:04:27,305 first_case.py--> setUp 20: INFO ----->this is chrome
2020-06-23 15:04:27,308 register_handle.py--> send_user_email 20: INFO ----->输入的邮箱值是：12123@qq.com
2020-06-23 15:04:27,308 find_element.py--> get_element 20: INFO ----->定位方式:id--->定位值:register_email
2020-06-23 15:04:27,418 register_handle.py--> send_user_name 20: INFO ----->输入的用户名是：t1
2020-06-23 15:04:27,419 find_element.py--> get_element 20: INFO ----->定位方式:id--->定位值:register_nickname
2020-06-23 15:04:27,677 register_handle.py--> send_user_password 20: INFO ----->输入的密码是：111111
2020-06-23 15:04:27,678 find_element.py--> get_element 20: INFO ----->定位方式:id--->定位值:register_password
2020-06-23 15:04:30,575 find_element.py--> get_element 20: INFO ----->定位方式:id--->定位值:captcha_code
2020-06-23 15:04:30,660 find_element.py--> get_element 20: INFO ----->定位方式:id--->定位值:register-btn
2020-06-23 15:04:30,759 find_element.py--> get_element 20: INFO ----->定位方式:id--->定位值:register_nickname-error
2020-06-23 15:06:36,098 first_case.py--> setUp 20: INFO ----->this is chrome
2020-06-23 15:06:36,100 register_handle.py--> send_user_email 20: INFO ----->输入的邮箱值是：11121@qq.com
2020-06-23 15:06:36,101 find_element.py--> get_element 20: INFO ----->定位方式:id--->定位值:register_email
2020-06-23 15:06:36,216 register_handle.py--> send_user_name 20: INFO ----->输入的用户名是：ss22212
2020-06-23 15:06:36,216 find_element.py--> get_element 20: INFO ----->定位方式:id--->定位值:register_nickname
2020-06-23 15:06:36,488 register_handle.py--> send_user_password 20: INFO ----->输入的密码是：111111
2020-06-23 15:06:36,489 find_element.py--> get_element 20: INFO ----->定位方式:id--->定位值:register_password
2020-06-23 15:06:39,653 find_element.py--> get_element 20: INFO ----->定位方式:id--->定位值:captcha_code
2020-06-23 15:06:39,714 find_element.py--> get_element 20: INFO ----->定位方式:id--->定位值:register-btn
2020-06-23 15:06:39,802 find_element.py--> get_element 20: INFO ----->定位方式:id--->定位值:register_nickname-error
2020-06-23 15:06:42,325 first_case.py--> setUp 20: INFO ----->this is chrome
2020-06-23 15:06:42,327 register_handle.py--> send_user_email 20: INFO ----->输入的邮箱值是：1314@qq.com
2020-06-23 15:06:42,328 find_element.py--> get_element 20: INFO ----->定位方式:id--->定位值:register_email
2020-06-23 15:06:42,443 register_handle.py--> send_user_name 20: INFO ----->输入的用户名是：user1111@qq.com
2020-06-23 15:06:42,443 find_element.py--> get_element 20: INFO ----->定位方式:id--->定位值:register_nickname
2020-06-23 15:06:42,813 register_handle.py--> send_user_password 20: INFO ----->输入的密码是：111111
2020-06-23 15:06:42,814 find_element.py--> get_element 20: INFO ----->定位方式:id--->定位值:register_password
2020-06-23 15:06:45,711 find_element.py--> get_element 20: INFO ----->定位方式:id--->定位值:captcha_code
2020-06-23 15:06:45,766 find_element.py--> get_element 20: INFO ----->定位方式:id--->定位值:register-btn
2020-06-23 15:06:45,849 find_element.py--> get_element 20: INFO ----->定位方式:id--->定位值:captcha_code
2020-06-23 15:06:49,072 first_case.py--> setUp 20: INFO ----->this is chrome
2020-06-23 15:06:49,075 register_handle.py--> send_user_email 20: INFO ----->输入的邮箱值是：11311@qq.com
2020-06-23 15:06:49,076 find_element.py--> get_element 20: INFO ----->定位方式:id--->定位值:register_email
2020-06-23 15:06:49,214 register_handle.py--> send_user_name 20: INFO ----->输入的用户名是：ss23222
2020-06-23 15:06:49,215 find_element.py--> get_element 20: INFO ----->定位方式:id--->定位值:register_nickname
2020-06-23 15:06:49,501 register_handle.py--> send_user_password 20: INFO ----->输入的密码是：111111
2020-06-23 15:06:49,502 find_element.py--> get_element 20: INFO ----->定位方式:id--->定位值:register_password
2020-06-23 15:06:52,901 find_element.py--> get_element 20: INFO ----->定位方式:id--->定位值:captcha_code
2020-06-23 15:06:52,986 find_element.py--> get_element 20: INFO ----->定位方式:id--->定位值:register-btn
2020-06-23 15:06:53,062 find_element.py--> get_element 20: INFO ----->定位方式:id--->定位值:register_nickname-error
2020-06-23 15:06:56,145 first_case.py--> setUp 20: INFO ----->this is chrome
2020-06-23 15:06:56,146 register_handle.py--> send_user_email 20: INFO ----->输入的邮箱值是：12221@qq.com
2020-06-23 15:06:56,147 find_element.py--> get_element 20: INFO ----->定位方式:id--->定位值:register_email
2020-06-23 15:06:56,281 register_handle.py--> send_user_name 20: INFO ----->输入的用户名是：2321
2020-06-23 15:06:56,282 find_element.py--> get_element 20: INFO ----->定位方式:id--->定位值:register_nickname
2020-06-23 15:06:56,581 register_handle.py--> send_user_password 20: INFO ----->输入的密码是：111111
2020-06-23 15:06:56,582 find_element.py--> get_element 20: INFO ----->定位方式:id--->定位值:register_password
2020-06-23 15:06:59,831 find_element.py--> get_element 20: INFO ----->定位方式:id--->定位值:captcha_code
2020-06-23 15:06:59,887 find_element.py--> get_element 20: INFO ----->定位方式:id--->定位值:register-btn
2020-06-23 15:07:02,632 first_case.py--> setUp 20: INFO ----->this is chrome
2020-06-23 15:07:02,634 register_handle.py--> send_user_email 20: INFO ----->输入的邮箱值是：12123@qq.com
2020-06-23 15:07:02,635 find_element.py--> get_element 20: INFO ----->定位方式:id--->定位值:register_email
2020-06-23 15:07:02,755 register_handle.py--> send_user_name 20: INFO ----->输入的用户名是：t1
2020-06-23 15:07:02,756 find_element.py--> get_element 20: INFO ----->定位方式:id--->定位值:register_nickname
2020-06-23 15:07:03,009 register_handle.py--> send_user_password 20: INFO ----->输入的密码是：111111
2020-06-23 15:07:03,010 find_element.py--> get_element 20: INFO ----->定位方式:id--->定位值:register_password
2020-06-23 15:07:05,958 find_element.py--> get_element 20: INFO ----->定位方式:id--->定位值:captcha_code
2020-06-23 15:07:06,020 find_element.py--> get_element 20: INFO ----->定位方式:id--->定位值:register-btn
2020-06-23 15:07:06,094 find_element.py--> get_element 20: INFO ----->定位方式:id--->定位值:register_nickname-error
2020-06-23 15:13:37,230 first_case.py--> setUp 20: INFO ----->this is chrome
2020-06-23 15:13:37,232 register_handle.py--> send_user_email 20: INFO ----->输入的邮箱值是：11121@qq.com
2020-06-23 15:13:37,233 find_element.py--> get_element 20: INFO ----->定位方式:id--->定位值:register_email
2020-06-23 15:13:37,345 register_handle.py--> send_user_name 20: INFO ----->输入的用户名是：ss22212
2020-06-23 15:13:37,345 find_element.py--> get_element 20: INFO ----->定位方式:id--->定位值:register_nickname
2020-06-23 15:13:37,679 register_handle.py--> send_user_password 20: INFO ----->输入的密码是：111111
2020-06-23 15:13:37,680 find_element.py--> get_element 20: INFO ----->定位方式:id--->定位值:register_password
2020-06-23 15:13:40,909 find_element.py--> get_element 20: INFO ----->定位方式:id--->定位值:captcha_code
2020-06-23 15:13:40,970 find_element.py--> get_element 20: INFO ----->定位方式:id--->定位值:register-btn
2020-06-23 15:13:41,052 find_element.py--> get_element 20: INFO ----->定位方式:id--->定位值:register_nickname-error
2020-06-23 15:13:43,610 first_case.py--> setUp 20: INFO ----->this is chrome
2020-06-23 15:13:43,612 register_handle.py--> send_user_email 20: INFO ----->输入的邮箱值是：1314@qq.com
2020-06-23 15:13:43,613 find_element.py--> get_element 20: INFO ----->定位方式:id--->定位值:register_email
2020-06-23 15:13:43,769 register_handle.py--> send_user_name 20: INFO ----->输入的用户名是：user1111@qq.com
2020-06-23 15:13:43,770 find_element.py--> get_element 20: INFO ----->定位方式:id--->定位值:register_nickname
2020-06-23 15:13:44,166 register_handle.py--> send_user_password 20: INFO ----->输入的密码是：111111
2020-06-23 15:13:44,167 find_element.py--> get_element 20: INFO ----->定位方式:id--->定位值:register_password
2020-06-23 15:13:47,166 find_element.py--> get_element 20: INFO ----->定位方式:id--->定位值:captcha_code
2020-06-23 15:13:47,256 find_element.py--> get_element 20: INFO ----->定位方式:id--->定位值:register-btn
2020-06-23 15:13:47,529 find_element.py--> get_element 20: INFO ----->定位方式:id--->定位值:captcha_code
2020-06-23 15:13:50,185 first_case.py--> setUp 20: INFO ----->this is chrome
2020-06-23 15:13:50,186 register_handle.py--> send_user_email 20: INFO ----->输入的邮箱值是：11311@qq.com
2020-06-23 15:13:50,187 find_element.py--> get_element 20: INFO ----->定位方式:id--->定位值:register_email
2020-06-23 15:13:50,407 register_handle.py--> send_user_name 20: INFO ----->输入的用户名是：ss23222
2020-06-23 15:13:50,407 find_element.py--> get_element 20: INFO ----->定位方式:id--->定位值:register_nickname
2020-06-23 15:13:50,721 register_handle.py--> send_user_password 20: INFO ----->输入的密码是：111111
2020-06-23 15:13:50,722 find_element.py--> get_element 20: INFO ----->定位方式:id--->定位值:register_password
2020-06-23 15:13:53,772 find_element.py--> get_element 20: INFO ----->定位方式:id--->定位值:captcha_code
2020-06-23 15:13:53,832 find_element.py--> get_element 20: INFO ----->定位方式:id--->定位值:register-btn
2020-06-23 15:13:53,914 find_element.py--> get_element 20: INFO ----->定位方式:id--->定位值:register_nickname-error
2020-06-23 15:13:56,928 first_case.py--> setUp 20: INFO ----->this is chrome
2020-06-23 15:13:56,929 register_handle.py--> send_user_email 20: INFO ----->输入的邮箱值是：12221@qq.com
2020-06-23 15:13:56,930 find_element.py--> get_element 20: INFO ----->定位方式:id--->定位值:register_email
2020-06-23 15:13:57,039 register_handle.py--> send_user_name 20: INFO ----->输入的用户名是：2321
2020-06-23 15:13:57,040 find_element.py--> get_element 20: INFO ----->定位方式:id--->定位值:register_nickname
2020-06-23 15:13:57,297 register_handle.py--> send_user_password 20: INFO ----->输入的密码是：111111
2020-06-23 15:13:57,297 find_element.py--> get_element 20: INFO ----->定位方式:id--->定位值:register_password
2020-06-23 15:14:00,347 find_element.py--> get_element 20: INFO ----->定位方式:id--->定位值:captcha_code
2020-06-23 15:14:00,443 find_element.py--> get_element 20: INFO ----->定位方式:id--->定位值:register-btn
2020-06-23 15:14:03,305 first_case.py--> setUp 20: INFO ----->this is chrome
2020-06-23 15:14:03,307 register_handle.py--> send_user_email 20: INFO ----->输入的邮箱值是：12123@qq.com
2020-06-23 15:14:03,308 find_element.py--> get_element 20: INFO ----->定位方式:id--->定位值:register_email
2020-06-23 15:14:03,424 register_handle.py--> send_user_name 20: INFO ----->输入的用户名是：t1
2020-06-23 15:14:03,425 find_element.py--> get_element 20: INFO ----->定位方式:id--->定位值:register_nickname
2020-06-23 15:14:03,675 register_handle.py--> send_user_password 20: INFO ----->输入的密码是：111111
2020-06-23 15:14:03,675 find_element.py--> get_element 20: INFO ----->定位方式:id--->定位值:register_password
2020-06-23 15:14:06,573 find_element.py--> get_element 20: INFO ----->定位方式:id--->定位值:captcha_code
2020-06-23 15:14:06,648 find_element.py--> get_element 20: INFO ----->定位方式:id--->定位值:register-btn
2020-06-23 15:14:06,720 find_element.py--> get_element 20: INFO ----->定位方式:id--->定位值:register_nickname-error
2020-06-23 15:15:03,898 first_case.py--> setUp 20: INFO ----->this is chrome
2020-06-23 15:15:03,899 register_handle.py--> send_user_email 20: INFO ----->输入的邮箱值是：12221@qq.com
2020-06-23 15:15:03,900 find_element.py--> get_element 20: INFO ----->定位方式:id--->定位值:register_email
2020-06-23 15:15:04,054 register_handle.py--> send_user_name 20: INFO ----->输入的用户名是：2321
2020-06-23 15:15:04,055 find_element.py--> get_element 20: INFO ----->定位方式:id--->定位值:register_nickname
2020-06-23 15:15:04,335 register_handle.py--> send_user_password 20: INFO ----->输入的密码是：111111
2020-06-23 15:15:04,336 find_element.py--> get_element 20: INFO ----->定位方式:id--->定位值:register_password
2020-06-23 15:15:07,526 find_element.py--> get_element 20: INFO ----->定位方式:id--->定位值:captcha_code
2020-06-23 15:15:07,605 find_element.py--> get_element 20: INFO ----->定位方式:id--->定位值:register-btn
2020-06-23 15:15:10,297 first_case.py--> setUp 20: INFO ----->this is chrome
2020-06-23 15:15:10,299 register_handle.py--> send_user_email 20: INFO ----->输入的邮箱值是：1314@qq.com
2020-06-23 15:15:10,300 find_element.py--> get_element 20: INFO ----->定位方式:id--->定位值:register_email
2020-06-23 15:15:10,434 register_handle.py--> send_user_name 20: INFO ----->输入的用户名是：user1111@qq.com
2020-06-23 15:15:10,434 find_element.py--> get_element 20: INFO ----->定位方式:id--->定位值:register_nickname
2020-06-23 15:15:10,747 register_handle.py--> send_user_password 20: INFO ----->输入的密码是：111111
2020-06-23 15:15:10,747 find_element.py--> get_element 20: INFO ----->定位方式:id--->定位值:register_password
2020-06-23 15:15:13,776 find_element.py--> get_element 20: INFO ----->定位方式:id--->定位值:captcha_code
2020-06-23 15:15:13,843 find_element.py--> get_element 20: INFO ----->定位方式:id--->定位值:register-btn
2020-06-23 15:15:13,940 find_element.py--> get_element 20: INFO ----->定位方式:id--->定位值:captcha_code
2020-06-23 15:15:16,497 first_case.py--> setUp 20: INFO ----->this is chrome
2020-06-23 15:15:16,498 register_handle.py--> send_user_email 20: INFO ----->输入的邮箱值是：12123@qq.com
2020-06-23 15:15:16,499 find_element.py--> get_element 20: INFO ----->定位方式:id--->定位值:register_email
2020-06-23 15:15:16,620 register_handle.py--> send_user_name 20: INFO ----->输入的用户名是：t1
2020-06-23 15:15:16,621 find_element.py--> get_element 20: INFO ----->定位方式:id--->定位值:register_nickname
2020-06-23 15:15:16,891 register_handle.py--> send_user_password 20: INFO ----->输入的密码是：111111
2020-06-23 15:15:16,891 find_element.py--> get_element 20: INFO ----->定位方式:id--->定位值:register_password
2020-06-23 15:15:19,827 find_element.py--> get_element 20: INFO ----->定位方式:id--->定位值:captcha_code
2020-06-23 15:15:19,924 find_element.py--> get_element 20: INFO ----->定位方式:id--->定位值:register-btn
2020-06-23 15:15:19,993 find_element.py--> get_element 20: INFO ----->定位方式:id--->定位值:register_nickname-error
2020-06-23 17:04:09,535 register_handle.py--> send_user_email 20: INFO ----->输入的邮箱值是：test001@qq.com
2020-06-23 17:04:09,537 find_element.py--> get_element 20: INFO ----->定位方式:id--->定位值:register_email
2020-06-23 17:04:09,801 register_handle.py--> send_user_name 20: INFO ----->输入的用户名是：Mushishi001
2020-06-23 17:04:09,801 find_element.py--> get_element 20: INFO ----->定位方式:id--->定位值:register_nickname
2020-06-23 17:04:10,131 register_handle.py--> send_user_password 20: INFO ----->输入的密码是：111111
2020-06-23 17:04:10,132 find_element.py--> get_element 20: INFO ----->定位方式:id--->定位值:register_password
2020-06-23 17:04:33,675 register_handle.py--> send_user_email 20: INFO ----->输入的邮箱值是：test002.com
2020-06-23 17:04:33,676 find_element.py--> get_element 20: INFO ----->定位方式:id--->定位值:register_email
2020-06-23 17:04:33,882 register_handle.py--> send_user_name 20: INFO ----->输入的用户名是：Mushishi002
2020-06-23 17:04:33,882 find_element.py--> get_element 20: INFO ----->定位方式:id--->定位值:register_nickname
2020-06-23 17:04:34,054 register_handle.py--> send_user_password 20: INFO ----->输入的密码是：111112
2020-06-23 17:04:34,055 find_element.py--> get_element 20: INFO ----->定位方式:id--->定位值:register_password
2020-06-23 17:08:36,625 register_handle.py--> send_user_email 20: INFO ----->输入的邮箱值是：test001@qq.com
2020-06-23 17:08:36,627 find_element.py--> get_element 20: INFO ----->定位方式:id--->定位值:register_email
2020-06-23 17:08:36,757 register_handle.py--> send_user_name 20: INFO ----->输入的用户名是：Mushishi001
2020-06-23 17:08:36,758 find_element.py--> get_element 20: INFO ----->定位方式:id--->定位值:register_nickname
2020-06-23 17:08:37,048 register_handle.py--> send_user_password 20: INFO ----->输入的密码是：111111
2020-06-23 17:08:37,049 find_element.py--> get_element 20: INFO ----->定位方式:id--->定位值:register_password
2020-06-23 17:08:56,322 register_handle.py--> send_user_email 20: INFO ----->输入的邮箱值是：test002.com
2020-06-23 17:08:56,323 find_element.py--> get_element 20: INFO ----->定位方式:id--->定位值:register_email
2020-06-23 17:08:56,434 register_handle.py--> send_user_name 20: INFO ----->输入的用户名是：Mushishi002
2020-06-23 17:08:56,435 find_element.py--> get_element 20: INFO ----->定位方式:id--->定位值:register_nickname
2020-06-23 17:08:56,593 register_handle.py--> send_user_password 20: INFO ----->输入的密码是：111112
2020-06-23 17:08:56,594 find_element.py--> get_element 20: INFO ----->定位方式:id--->定位值:register_password
2020-06-23 17:20:53,304 register_handle.py--> send_user_email 20: INFO ----->输入的邮箱值是：test001@qq.com
2020-06-23 17:20:53,306 find_element.py--> get_element 20: INFO ----->定位方式:id--->定位值:register_email
2020-06-23 17:20:53,501 register_handle.py--> send_user_name 20: INFO ----->输入的用户名是：Mushishi001
2020-06-23 17:20:53,502 find_element.py--> get_element 20: INFO ----->定位方式:id--->定位值:register_nickname
2020-06-23 17:20:53,951 register_handle.py--> send_user_password 20: INFO ----->输入的密码是：111111
2020-06-23 17:20:53,952 find_element.py--> get_element 20: INFO ----->定位方式:id--->定位值:register_password
2020-06-23 17:21:10,855 register_handle.py--> send_user_email 20: INFO ----->输入的邮箱值是：test002.com
2020-06-23 17:21:10,856 find_element.py--> get_element 20: INFO ----->定位方式:id--->定位值:register_email
2020-06-23 17:21:11,112 register_handle.py--> send_user_name 20: INFO ----->输入的用户名是：Mushishi002
2020-06-23 17:21:11,113 find_element.py--> get_element 20: INFO ----->定位方式:id--->定位值:register_nickname
2020-06-23 17:21:11,261 register_handle.py--> send_user_password 20: INFO ----->输入的密码是：111112
2020-06-23 17:21:11,262 find_element.py--> get_element 20: INFO ----->定位方式:id--->定位值:register_password
2020-06-23 17:39:08,190 register_handle.py--> send_user_email 20: INFO ----->输入的邮箱值是：test001@qq.com
2020-06-23 17:39:08,191 find_element.py--> get_element 20: INFO ----->定位方式:id--->定位值:register_email
2020-06-23 17:39:08,354 register_handle.py--> send_user_name 20: INFO ----->输入的用户名是：Mushishi001
2020-06-23 17:39:08,354 find_element.py--> get_element 20: INFO ----->定位方式:id--->定位值:register_nickname
2020-06-23 17:39:08,711 register_handle.py--> send_user_password 20: INFO ----->输入的密码是：111111
2020-06-23 17:39:08,712 find_element.py--> get_element 20: INFO ----->定位方式:id--->定位值:register_password
2020-06-23 17:39:25,712 register_handle.py--> send_user_email 20: INFO ----->输入的邮箱值是：test002.com
2020-06-23 17:39:25,713 find_element.py--> get_element 20: INFO ----->定位方式:id--->定位值:register_email
2020-06-23 17:39:25,850 register_handle.py--> send_user_name 20: INFO ----->输入的用户名是：Mushishi002
2020-06-23 17:39:25,850 find_element.py--> get_element 20: INFO ----->定位方式:id--->定位值:register_nickname
2020-06-23 17:39:25,979 register_handle.py--> send_user_password 20: INFO ----->输入的密码是：111112
2020-06-23 17:39:25,980 find_element.py--> get_element 20: INFO ----->定位方式:id--->定位值:register_password
2020-06-23 17:42:53,579 register_handle.py--> send_user_email 20: INFO ----->输入的邮箱值是：test001@qq.com
2020-06-23 17:42:53,580 find_element.py--> get_element 20: INFO ----->定位方式:id--->定位值:register_email
2020-06-23 17:42:53,807 register_handle.py--> send_user_name 20: INFO ----->输入的用户名是：Mushishi001
2020-06-23 17:42:53,808 find_element.py--> get_element 20: INFO ----->定位方式:id--->定位值:register_nickname
2020-06-23 17:42:54,109 register_handle.py--> send_user_password 20: INFO ----->输入的密码是：111111
2020-06-23 17:42:54,110 find_element.py--> get_element 20: INFO ----->定位方式:id--->定位值:register_password
2020-06-23 17:43:14,783 register_handle.py--> send_user_email 20: INFO ----->输入的邮箱值是：test002.com
2020-06-23 17:43:14,784 find_element.py--> get_element 20: INFO ----->定位方式:id--->定位值:register_email
2020-06-23 17:43:14,920 register_handle.py--> send_user_name 20: INFO ----->输入的用户名是：Mushishi002
2020-06-23 17:43:14,920 find_element.py--> get_element 20: INFO ----->定位方式:id--->定位值:register_nickname
2020-06-23 17:43:15,067 register_handle.py--> send_user_password 20: INFO ----->输入的密码是：111112
2020-06-23 17:43:15,068 find_element.py--> get_element 20: INFO ----->定位方式:id--->定位值:register_password
2020-06-23 17:43:40,461 register_handle.py--> send_user_email 20: INFO ----->输入的邮箱值是：test001@qq.com
2020-06-23 17:43:40,462 find_element.py--> get_element 20: INFO ----->定位方式:id--->定位值:register_email
2020-06-23 17:43:40,619 register_handle.py--> send_user_name 20: INFO ----->输入的用户名是：Mushishi001
2020-06-23 17:43:40,620 find_element.py--> get_element 20: INFO ----->定位方式:id--->定位值:register_nickname
2020-06-23 17:43:40,948 register_handle.py--> send_user_password 20: INFO ----->输入的密码是：111111
2020-06-23 17:43:40,948 find_element.py--> get_element 20: INFO ----->定位方式:id--->定位值:register_password
2020-06-23 17:43:57,454 register_handle.py--> send_user_email 20: INFO ----->输入的邮箱值是：test002.com
2020-06-23 17:43:57,455 find_element.py--> get_element 20: INFO ----->定位方式:id--->定位值:register_email
2020-06-23 17:43:57,660 register_handle.py--> send_user_name 20: INFO ----->输入的用户名是：Mushishi002
2020-06-23 17:43:57,661 find_element.py--> get_element 20: INFO ----->定位方式:id--->定位值:register_nickname
2020-06-23 17:43:57,799 register_handle.py--> send_user_password 20: INFO ----->输入的密码是：111112
2020-06-23 17:43:57,800 find_element.py--> get_element 20: INFO ----->定位方式:id--->定位值:register_password
2020-06-23 17:53:34,138 register_handle.py--> send_user_email 20: INFO ----->输入的邮箱值是：test001@qq.com
2020-06-23 17:53:34,139 find_element.py--> get_element 20: INFO ----->定位方式:id--->定位值:register_email
2020-06-23 17:53:34,257 register_handle.py--> send_user_name 20: INFO ----->输入的用户名是：Mushishi001
2020-06-23 17:53:34,258 find_element.py--> get_element 20: INFO ----->定位方式:id--->定位值:register_nickname
2020-06-23 17:53:34,547 register_handle.py--> send_user_password 20: INFO ----->输入的密码是：111111
2020-06-23 17:53:34,548 find_element.py--> get_element 20: INFO ----->定位方式:id--->定位值:register_password
2020-06-23 17:53:53,117 register_handle.py--> send_user_email 20: INFO ----->输入的邮箱值是：test002.com
2020-06-23 17:53:53,118 find_element.py--> get_element 20: INFO ----->定位方式:id--->定位值:register_email
2020-06-23 17:53:53,251 register_handle.py--> send_user_name 20: INFO ----->输入的用户名是：Mushishi002
2020-06-23 17:53:53,252 find_element.py--> get_element 20: INFO ----->定位方式:id--->定位值:register_nickname
2020-06-23 17:53:53,425 register_handle.py--> send_user_password 20: INFO ----->输入的密码是：111112
2020-06-23 17:53:53,426 find_element.py--> get_element 20: INFO ----->定位方式:id--->定位值:register_password
2020-06-23 18:06:55,685 register_handle.py--> send_user_email 20: INFO ----->输入的邮箱值是：test001@qq.com
2020-06-23 18:06:55,686 find_element.py--> get_element 20: INFO ----->定位方式:id--->定位值:register_email
2020-06-23 18:06:56,025 register_handle.py--> send_user_name 20: INFO ----->输入的用户名是：qbyqby01
2020-06-23 18:06:56,026 find_element.py--> get_element 20: INFO ----->定位方式:id--->定位值:register_nickname
2020-06-23 18:06:56,333 register_handle.py--> send_user_password 20: INFO ----->输入的密码是：111111
2020-06-23 18:06:56,334 find_element.py--> get_element 20: INFO ----->定位方式:id--->定位值:register_password
2020-06-23 18:07:13,165 register_handle.py--> send_user_email 20: INFO ----->输入的邮箱值是：test002.com
2020-06-23 18:07:13,166 find_element.py--> get_element 20: INFO ----->定位方式:id--->定位值:register_email
2020-06-23 18:07:13,349 register_handle.py--> send_user_name 20: INFO ----->输入的用户名是：qbyqby02
2020-06-23 18:07:13,350 find_element.py--> get_element 20: INFO ----->定位方式:id--->定位值:register_nickname
2020-06-23 18:07:13,465 register_handle.py--> send_user_password 20: INFO ----->输入的密码是：111112
2020-06-23 18:07:13,465 find_element.py--> get_element 20: INFO ----->定位方式:id--->定位值:register_password
2020-06-23 18:09:35,306 register_handle.py--> send_user_email 20: INFO ----->输入的邮箱值是：test001@qq.com
2020-06-23 18:09:35,307 find_element.py--> get_element 20: INFO ----->定位方式:id--->定位值:register_email
2020-06-23 18:09:35,433 register_handle.py--> send_user_name 20: INFO ----->输入的用户名是：qbyqby01
2020-06-23 18:09:35,434 find_element.py--> get_element 20: INFO ----->定位方式:id--->定位值:register_nickname
2020-06-23 18:09:35,726 register_handle.py--> send_user_password 20: INFO ----->输入的密码是：111111
2020-06-23 18:09:35,726 find_element.py--> get_element 20: INFO ----->定位方式:id--->定位值:register_password
2020-06-23 18:09:52,322 register_handle.py--> send_user_email 20: INFO ----->输入的邮箱值是：test002.com
2020-06-23 18:09:52,323 find_element.py--> get_element 20: INFO ----->定位方式:id--->定位值:register_email
2020-06-23 18:09:52,567 register_handle.py--> send_user_name 20: INFO ----->输入的用户名是：qbyqby02
2020-06-23 18:09:52,567 find_element.py--> get_element 20: INFO ----->定位方式:id--->定位值:register_nickname
2020-06-23 18:09:52,699 register_handle.py--> send_user_password 20: INFO ----->输入的密码是：111112
2020-06-23 18:09:52,700 find_element.py--> get_element 20: INFO ----->定位方式:id--->定位值:register_password
2020-06-23 18:13:13,333 register_handle.py--> send_user_email 20: INFO ----->输入的邮箱值是：test001@qq.com
2020-06-23 18:13:13,335 find_element.py--> get_element 20: INFO ----->定位方式:id--->定位值:register_email
2020-06-23 18:13:13,537 register_handle.py--> send_user_name 20: INFO ----->输入的用户名是：qbyqby01
2020-06-23 18:13:13,538 find_element.py--> get_element 20: INFO ----->定位方式:id--->定位值:register_nickname
2020-06-23 18:13:13,818 register_handle.py--> send_user_password 20: INFO ----->输入的密码是：111111
2020-06-23 18:13:13,819 find_element.py--> get_element 20: INFO ----->定位方式:id--->定位值:register_password
2020-06-23 18:13:30,523 register_handle.py--> send_user_email 20: INFO ----->输入的邮箱值是：test002.com
2020-06-23 18:13:30,524 find_element.py--> get_element 20: INFO ----->定位方式:id--->定位值:register_email
2020-06-23 18:13:30,661 register_handle.py--> send_user_name 20: INFO ----->输入的用户名是：qbyqby02
2020-06-23 18:13:30,662 find_element.py--> get_element 20: INFO ----->定位方式:id--->定位值:register_nickname
2020-06-23 18:13:30,830 register_handle.py--> send_user_password 20: INFO ----->输入的密码是：111112
2020-06-23 18:13:30,831 find_element.py--> get_element 20: INFO ----->定位方式:id--->定位值:register_password
2020-06-23 18:14:30,988 register_handle.py--> send_user_email 20: INFO ----->输入的邮箱值是：test001@qq.com
2020-06-23 18:14:30,989 find_element.py--> get_element 20: INFO ----->定位方式:id--->定位值:register_email
2020-06-23 18:14:31,097 register_handle.py--> send_user_name 20: INFO ----->输入的用户名是：qbyqby01
2020-06-23 18:14:31,098 find_element.py--> get_element 20: INFO ----->定位方式:id--->定位值:register_nickname
2020-06-23 18:14:31,375 register_handle.py--> send_user_password 20: INFO ----->输入的密码是：111111
2020-06-23 18:14:31,376 find_element.py--> get_element 20: INFO ----->定位方式:id--->定位值:register_password
2020-06-23 18:14:48,149 register_handle.py--> send_user_email 20: INFO ----->输入的邮箱值是：test002.com
2020-06-23 18:14:48,149 find_element.py--> get_element 20: INFO ----->定位方式:id--->定位值:register_email
2020-06-23 18:14:48,298 register_handle.py--> send_user_name 20: INFO ----->输入的用户名是：qbyqby02
2020-06-23 18:14:48,299 find_element.py--> get_element 20: INFO ----->定位方式:id--->定位值:register_nickname
2020-06-23 18:14:48,405 register_handle.py--> send_user_password 20: INFO ----->输入的密码是：111112
2020-06-23 18:14:48,406 find_element.py--> get_element 20: INFO ----->定位方式:id--->定位值:register_password
2020-06-23 18:28:51,383 register_handle.py--> send_user_email 20: INFO ----->输入的邮箱值是：test001@qq.com
2020-06-23 18:28:51,384 find_element.py--> get_element 20: INFO ----->定位方式:id--->定位值:register_email
2020-06-23 18:28:51,576 register_handle.py--> send_user_name 20: INFO ----->输入的用户名是：qbyqby01
2020-06-23 18:28:51,577 find_element.py--> get_element 20: INFO ----->定位方式:id--->定位值:register_nickname
2020-06-23 18:28:51,888 register_handle.py--> send_user_password 20: INFO ----->输入的密码是：111111
2020-06-23 18:28:51,889 find_element.py--> get_element 20: INFO ----->定位方式:id--->定位值:register_password
2020-06-23 18:29:08,654 register_handle.py--> send_user_email 20: INFO ----->输入的邮箱值是：test002.com
2020-06-23 18:29:08,655 find_element.py--> get_element 20: INFO ----->定位方式:id--->定位值:register_email
2020-06-23 18:29:08,832 register_handle.py--> send_user_name 20: INFO ----->输入的用户名是：qbyqby02
2020-06-23 18:29:08,833 find_element.py--> get_element 20: INFO ----->定位方式:id--->定位值:register_nickname
2020-06-23 18:29:09,015 register_handle.py--> send_user_password 20: INFO ----->输入的密码是：111112
2020-06-23 18:29:09,016 find_element.py--> get_element 20: INFO ----->定位方式:id--->定位值:register_password
2020-06-23 18:32:03,323 register_handle.py--> send_user_email 20: INFO ----->输入的邮箱值是：test001@qq.com
2020-06-23 18:32:03,324 find_element.py--> get_element 20: INFO ----->定位方式:id--->定位值:register_email
2020-06-23 18:32:03,514 register_handle.py--> send_user_name 20: INFO ----->输入的用户名是：qbyqby01
2020-06-23 18:32:03,515 find_element.py--> get_element 20: INFO ----->定位方式:id--->定位值:register_nickname
2020-06-23 18:32:03,869 register_handle.py--> send_user_password 20: INFO ----->输入的密码是：111111
2020-06-23 18:32:03,870 find_element.py--> get_element 20: INFO ----->定位方式:id--->定位值:register_password
2020-06-23 18:32:25,635 register_handle.py--> send_user_email 20: INFO ----->输入的邮箱值是：test002.com
2020-06-23 18:32:25,635 find_element.py--> get_element 20: INFO ----->定位方式:id--->定位值:register_email
2020-06-23 18:32:25,754 register_handle.py--> send_user_name 20: INFO ----->输入的用户名是：qbyqby02
2020-06-23 18:32:25,755 find_element.py--> get_element 20: INFO ----->定位方式:id--->定位值:register_nickname
2020-06-23 18:32:25,862 register_handle.py--> send_user_password 20: INFO ----->输入的密码是：111112
2020-06-23 18:32:25,863 find_element.py--> get_element 20: INFO ----->定位方式:id--->定位值:register_password
2020-06-23 18:34:49,505 register_handle.py--> send_user_email 20: INFO ----->输入的邮箱值是：test001@qq.com
2020-06-23 18:34:49,506 find_element.py--> get_element 20: INFO ----->定位方式:id--->定位值:register_email
2020-06-23 18:34:49,755 register_handle.py--> send_user_name 20: INFO ----->输入的用户名是：qbyqby01
2020-06-23 18:34:49,756 find_element.py--> get_element 20: INFO ----->定位方式:id--->定位值:register_nickname
2020-06-23 18:34:50,046 register_handle.py--> send_user_password 20: INFO ----->输入的密码是：111111
2020-06-23 18:34:50,047 find_element.py--> get_element 20: INFO ----->定位方式:id--->定位值:register_password
2020-06-23 18:34:53,114 find_element.py--> get_element 20: INFO ----->定位方式:id--->定位值:captcha_code
2020-06-23 18:34:53,188 find_element.py--> get_element 20: INFO ----->定位方式:id--->定位值:register-btn
2020-06-23 18:34:53,279 find_element.py--> get_element 20: INFO ----->定位方式:id--->定位值:register_email-error
2020-06-23 18:35:10,987 register_handle.py--> send_user_email 20: INFO ----->输入的邮箱值是：test002.com
2020-06-23 18:35:10,988 find_element.py--> get_element 20: INFO ----->定位方式:id--->定位值:register_email
2020-06-23 18:35:11,117 register_handle.py--> send_user_name 20: INFO ----->输入的用户名是：qbyqby02
2020-06-23 18:35:11,118 find_element.py--> get_element 20: INFO ----->定位方式:id--->定位值:register_nickname
2020-06-23 18:35:11,333 register_handle.py--> send_user_password 20: INFO ----->输入的密码是：111112
2020-06-23 18:35:11,334 find_element.py--> get_element 20: INFO ----->定位方式:id--->定位值:register_password
2020-06-23 18:35:14,592 find_element.py--> get_element 20: INFO ----->定位方式:id--->定位值:captcha_code
2020-06-23 18:35:14,698 find_element.py--> get_element 20: INFO ----->定位方式:id--->定位值:register-btn
2020-06-23 18:35:14,990 find_element.py--> get_element 20: INFO ----->定位方式:id--->定位值:register_email-error
2020-06-23 18:36:31,618 register_handle.py--> send_user_email 20: INFO ----->输入的邮箱值是：test001@qq.com
2020-06-23 18:36:31,619 find_element.py--> get_element 20: INFO ----->定位方式:id--->定位值:register_email
2020-06-23 18:36:31,838 register_handle.py--> send_user_name 20: INFO ----->输入的用户名是：qbyqby01
2020-06-23 18:36:31,839 find_element.py--> get_element 20: INFO ----->定位方式:id--->定位值:register_nickname
2020-06-23 18:36:32,166 register_handle.py--> send_user_password 20: INFO ----->输入的密码是：111111
2020-06-23 18:36:32,167 find_element.py--> get_element 20: INFO ----->定位方式:id--->定位值:register_password
2020-06-23 18:36:35,165 find_element.py--> get_element 20: INFO ----->定位方式:id--->定位值:captcha_code
2020-06-23 18:36:35,245 find_element.py--> get_element 20: INFO ----->定位方式:id--->定位值:register-btn
2020-06-23 18:36:35,329 find_element.py--> get_element 20: INFO ----->定位方式:id--->定位值:register_email-error
2020-06-23 18:36:51,299 register_handle.py--> send_user_email 20: INFO ----->输入的邮箱值是：test002.com
2020-06-23 18:36:51,299 find_element.py--> get_element 20: INFO ----->定位方式:id--->定位值:register_email
2020-06-23 18:36:51,508 register_handle.py--> send_user_name 20: INFO ----->输入的用户名是：qbyqby02
2020-06-23 18:36:51,509 find_element.py--> get_element 20: INFO ----->定位方式:id--->定位值:register_nickname
2020-06-23 18:36:51,650 register_handle.py--> send_user_password 20: INFO ----->输入的密码是：111112
2020-06-23 18:36:51,651 find_element.py--> get_element 20: INFO ----->定位方式:id--->定位值:register_password
2020-06-23 18:36:54,671 find_element.py--> get_element 20: INFO ----->定位方式:id--->定位值:captcha_code
2020-06-23 18:36:54,755 find_element.py--> get_element 20: INFO ----->定位方式:id--->定位值:register-btn
2020-06-23 18:36:54,850 find_element.py--> get_element 20: INFO ----->定位方式:id--->定位值:register_email-error
